<?xml version="1.0" encoding="UTF-8"?>
<!-- Generated by org.testng.reporters.JUnitXMLReporter -->
<testsuite hostname="Amenas-MacBook-Pro.local" failures="1" tests="1" name="PerfectoSelenium" time="0.739" errors="0" timestamp="21 Jun 2022 21:05:19 GMT">
  <testcase classname="com.perfecto.sampleproject.PerfectoSelenium" name="@AfterMethod afterMethod" time="0.0">
    <failure type="java.lang.NullPointerException" message="Cannot invoke &amp;quot;com.perfecto.reportium.client.ReportiumClient.testStop(com.perfecto.reportium.test.result.TestResult)&amp;quot; because &amp;quot;this.reportiumClient&amp;quot; is null">
      <![CDATA[java.lang.NullPointerException: Cannot invoke "com.perfecto.reportium.client.ReportiumClient.testStop(com.perfecto.reportium.test.result.TestResult)" because "this.reportiumClient" is null
	at com.perfecto.sampleproject.PerfectoSelenium.afterMethod(PerfectoSelenium.java:132)
	at java.base/java.util.concurrent.FutureTask.run(FutureTask.java:264)
	at java.base/java.util.concurrent.ThreadPoolExecutor.runWorker(ThreadPoolExecutor.java:1130)
	at java.base/java.util.concurrent.ThreadPoolExecutor$Worker.run(ThreadPoolExecutor.java:630)
	at java.base/java.lang.Thread.run(Thread.java:831)
... Removed 18 stack frames]]>
    </failure>
  </testcase> <!-- @AfterMethod afterMethod -->
  <testcase classname="com.perfecto.sampleproject.PerfectoSelenium" name="webTest" time="0.727">
    <failure type="org.openqa.selenium.WebDriverException" message="Unable to parse remote response: &amp;lt;html&amp;gt;
&amp;lt;head&amp;gt;&amp;lt;title&amp;gt;405 Method Not Allowed&amp;lt;/title&amp;gt;&amp;lt;/head&amp;gt;
&amp;lt;body&amp;gt;
&amp;lt;h1&amp;gt;405 Method Not Allowed&amp;lt;/h1&amp;gt;
&amp;lt;ul&amp;gt;
&amp;lt;li&amp;gt;Code: MethodNotAllowed&amp;lt;/li&amp;gt;
&amp;lt;li&amp;gt;Message: The specified method is not allowed against this resource.&amp;lt;/li&amp;gt;
&amp;lt;li&amp;gt;Method: POST&amp;lt;/li&amp;gt;
&amp;lt;li&amp;gt;ResourceType: OBJECT&amp;lt;/li&amp;gt;
&amp;lt;li&amp;gt;RequestId: FTM74N9QE28AZN8W&amp;lt;/li&amp;gt;
&amp;lt;li&amp;gt;HostId: nuH8C8fEVqSj0g6PYKSf1hDjJImt5cmj0leOW9aIidID5Y4rRmtdxqFPOM9c/LFtEmQdDs9Y7tk=&amp;lt;/li&amp;gt;
&amp;lt;/ul&amp;gt;
&amp;lt;hr/&amp;gt;
&amp;lt;/body&amp;gt;
&amp;lt;/html&amp;gt;
">
      <![CDATA[org.openqa.selenium.WebDriverException: Unable to parse remote response: <html>
<head><title>405 Method Not Allowed</title></head>
<body>
<h1>405 Method Not Allowed</h1>
<ul>
<li>Code: MethodNotAllowed</li>
<li>Message: The specified method is not allowed against this resource.</li>
<li>Method: POST</li>
<li>ResourceType: OBJECT</li>
<li>RequestId: FTM74N9QE28AZN8W</li>
<li>HostId: nuH8C8fEVqSj0g6PYKSf1hDjJImt5cmj0leOW9aIidID5Y4rRmtdxqFPOM9c/LFtEmQdDs9Y7tk=</li>
</ul>
<hr/>
</body>
</html>

	at org.openqa.selenium.remote.ProtocolHandshake.createSession(ProtocolHandshake.java:115)
	at org.openqa.selenium.remote.ProtocolHandshake.createSession(ProtocolHandshake.java:74)
	at org.openqa.selenium.remote.HttpCommandExecutor.execute(HttpCommandExecutor.java:136)
	at org.openqa.selenium.remote.RemoteWebDriver.execute(RemoteWebDriver.java:552)
	at org.openqa.selenium.remote.RemoteWebDriver.startSession(RemoteWebDriver.java:213)
	at org.openqa.selenium.remote.RemoteWebDriver.<init>(RemoteWebDriver.java:131)
	at org.openqa.selenium.remote.RemoteWebDriver.<init>(RemoteWebDriver.java:144)
	at com.perfecto.sampleproject.PerfectoSelenium.webTest(PerfectoSelenium.java:101)
	at java.base/java.util.concurrent.FutureTask.run(FutureTask.java:264)
	at java.base/java.util.concurrent.ThreadPoolExecutor.runWorker(ThreadPoolExecutor.java:1130)
	at java.base/java.util.concurrent.ThreadPoolExecutor$Worker.run(ThreadPoolExecutor.java:630)
	at java.base/java.lang.Thread.run(Thread.java:831)
Caused by: org.openqa.selenium.json.JsonException: Unable to determine type from: <. Last 1 characters read: <
Build info: version: '3.141.59', revision: 'e82be7d358', time: '2018-11-14T08:17:03'
System info: host: 'Amenas-MacBook-Pro.local', ip: '2600:8807:8007:8300:f1c3:23e1:e2d9:2bf0%en0', os.name: 'Mac OS X', os.arch: 'x86_64', os.version: '11.1', java.version: '16.0.1'
Driver info: driver.version: RemoteWebDriver
	at org.openqa.selenium.json.JsonInput.peek(JsonInput.java:122)
	at org.openqa.selenium.json.JsonTypeCoercer.lambda$null$6(JsonTypeCoercer.java:140)
	at org.openqa.selenium.json.JsonTypeCoercer.coerce(JsonTypeCoercer.java:126)
	at org.openqa.selenium.json.Json.toType(Json.java:69)
	at org.openqa.selenium.json.Json.toType(Json.java:55)
	at org.openqa.selenium.json.Json.toType(Json.java:50)
	at org.openqa.selenium.remote.ProtocolHandshake.createSession(ProtocolHandshake.java:112)
	... 27 more
... Removed 16 stack frames]]>
    </failure>
  </testcase> <!-- webTest -->
</testsuite> <!-- PerfectoSelenium -->
