<?xml version="1.0" encoding="UTF-8"?>
<testsuite xmlns:xsi="http://www.w3.org/2001/XMLSchema-instance" xsi:schemaLocation="https://maven.apache.org/surefire/maven-surefire-plugin/xsd/surefire-test-report.xsd" name="TestSuite" time="1.096" tests="2" errors="0" skipped="0" failures="2">
  <properties>
[...]
</properties>
  <testcase name="webTest" classname="com.perfecto.sampleproject.PerfectoSelenium" time="0.73">
    <failure message="Unable to parse remote response: &lt;html&gt;&#10;&lt;head&gt;&lt;title&gt;405 Method Not Allowed&lt;/title&gt;&lt;/head&gt;&#10;&lt;body&gt;&#10;&lt;h1&gt;405 Method Not Allowed&lt;/h1&gt;&#10;&lt;ul&gt;&#10;&lt;li&gt;Code: MethodNotAllowed&lt;/li&gt;&#10;&lt;li&gt;Message: The specified method is not allowed against this resource.&lt;/li&gt;&#10;&lt;li&gt;Method: POST&lt;/li&gt;&#10;&lt;li&gt;ResourceType: OBJECT&lt;/li&gt;&#10;&lt;li&gt;RequestId: FTM74N9QE28AZN8W&lt;/li&gt;&#10;&lt;li&gt;HostId: nuH8C8fEVqSj0g6PYKSf1hDjJImt5cmj0leOW9aIidID5Y4rRmtdxqFPOM9c/LFtEmQdDs9Y7tk=&lt;/li&gt;&#10;&lt;/ul&gt;&#10;&lt;hr/&gt;&#10;&lt;/body&gt;&#10;&lt;/html&gt;&#10;" type="org.openqa.selenium.WebDriverException"><![CDATA[org.openqa.selenium.WebDriverException: 
Unable to parse remote response: <html>
<head><title>405 Method Not Allowed</title></head>
<body>
<h1>405 Method Not Allowed</h1>
<ul>
<li>Code: MethodNotAllowed</li>
<li>Message: The specified method is not allowed against this resource.</li>
<li>Method: POST</li>
<li>ResourceType: OBJECT</li>
<li>RequestId: FTM74N9QE28AZN8W</li>
<li>HostId: nuH8C8fEVqSj0g6PYKSf1hDjJImt5cmj0leOW9aIidID5Y4rRmtdxqFPOM9c/LFtEmQdDs9Y7tk=</li>
</ul>
<hr/>
</body>
</html>

	at com.perfecto.sampleproject.PerfectoSelenium.webTest(PerfectoSelenium.java:101)
Caused by: org.openqa.selenium.json.JsonException: 
Unable to determine type from: <. Last 1 characters read: <
Build info: version: '3.141.59', revision: 'e82be7d358', time: '2018-11-14T08:17:03'
System info: host: 'Amenas-MacBook-Pro.local', ip: '2600:8807:8007:8300:f1c3:23e1:e2d9:2bf0%en0', os.name: 'Mac OS X', os.arch: 'x86_64', os.version: '11.1', java.version: '16.0.1'
Driver info: driver.version: RemoteWebDriver
	at com.perfecto.sampleproject.PerfectoSelenium.webTest(PerfectoSelenium.java:101)
]]></failure>
  </testcase>
  <testcase name="afterMethod" classname="com.perfecto.sampleproject.PerfectoSelenium" time="0.733">
    <failure message="Cannot invoke &quot;com.perfecto.reportium.client.ReportiumClient.testStop(com.perfecto.reportium.test.result.TestResult)&quot; because &quot;this.reportiumClient&quot; is null" type="java.lang.NullPointerException">java.lang.NullPointerException: Cannot invoke "com.perfecto.reportium.client.ReportiumClient.testStop(com.perfecto.reportium.test.result.TestResult)" because "this.reportiumClient" is null
	at com.perfecto.sampleproject.PerfectoSelenium.afterMethod(PerfectoSelenium.java:132)
</failure>
  </testcase>
</testsuite>