<?xml version="1.0" encoding="UTF-8"?>
<testng-results total="1" passed="0" failed="1" skipped="0">
  <reporter-output>
  </reporter-output>
  <suite started-at="2022-07-21T13:00:16Z" name="Default suite" finished-at="2022-07-21T13:00:16Z" duration-ms="20">
    <groups>
    </groups>
    <test started-at="2022-07-21T13:00:16Z" name="Default test" finished-at="2022-07-21T13:00:16Z" duration-ms="20">
      <class name="com.classkickWeb.qa.runner.DemoRunner">
        <test-method signature="verifyHomepageTitle()[pri:0, instance:com.classkickWeb.qa.runner.DemoRunner@659499f1]" started-at="2022-07-21T08:00:16Z" name="verifyHomepageTitle" finished-at="2022-07-21T08:00:16Z" duration-ms="10" status="FAIL">
          <exception class="java.lang.NullPointerException">
            <message>
              <![CDATA[Cannot invoke "org.openqa.selenium.WebDriver.get(String)" because "this.driver" is null]]>
            </message>
            <full-stacktrace>
              <![CDATA[java.lang.NullPointerException: Cannot invoke "org.openqa.selenium.WebDriver.get(String)" because "this.driver" is null
	at com.classkickWeb.qa.runner.DemoRunner.verifyHomepageTitle(DemoRunner.java:44)
	at java.base/jdk.internal.reflect.NativeMethodAccessorImpl.invoke0(Native Method)
	at java.base/jdk.internal.reflect.NativeMethodAccessorImpl.invoke(NativeMethodAccessorImpl.java:78)
	at java.base/jdk.internal.reflect.DelegatingMethodAccessorImpl.invoke(DelegatingMethodAccessorImpl.java:43)
	at java.base/java.lang.reflect.Method.invoke(Method.java:567)
	at org.testng.internal.MethodInvocationHelper.invokeMethod(MethodInvocationHelper.java:86)
	at org.testng.internal.Invoker.invokeMethod(Invoker.java:643)
	at org.testng.internal.Invoker.invokeTestMethod(Invoker.java:820)
	at org.testng.internal.Invoker.invokeTestMethods(Invoker.java:1128)
	at org.testng.internal.TestMethodWorker.invokeTestMethods(TestMethodWorker.java:129)
	at org.testng.internal.TestMethodWorker.run(TestMethodWorker.java:112)
	at org.testng.TestRunner.privateRun(TestRunner.java:782)
	at org.testng.TestRunner.run(TestRunner.java:632)
	at org.testng.SuiteRunner.runTest(SuiteRunner.java:366)
	at org.testng.SuiteRunner.runSequentially(SuiteRunner.java:361)
	at org.testng.SuiteRunner.privateRun(SuiteRunner.java:319)
	at org.testng.SuiteRunner.run(SuiteRunner.java:268)
	at org.testng.SuiteRunnerWorker.runSuite(SuiteRunnerWorker.java:52)
	at org.testng.SuiteRunnerWorker.run(SuiteRunnerWorker.java:86)
	at org.testng.TestNG.runSuitesSequentially(TestNG.java:1244)
	at org.testng.TestNG.runSuitesLocally(TestNG.java:1169)
	at org.testng.TestNG.run(TestNG.java:1064)
	at org.testng.remote.AbstractRemoteTestNG.run(AbstractRemoteTestNG.java:115)
	at org.testng.remote.RemoteTestNG.initAndRun(RemoteTestNG.java:251)
	at org.testng.remote.RemoteTestNG.main(RemoteTestNG.java:77)
]]>
            </full-stacktrace>
          </exception> <!-- java.lang.NullPointerException -->
          <reporter-output>
          </reporter-output>
        </test-method> <!-- verifyHomepageTitle -->
      </class> <!-- com.classkickWeb.qa.runner.DemoRunner -->
    </test> <!-- Default test -->
  </suite> <!-- Default suite -->
</testng-results>
